Arguments: 
  C:\Program Files\nodejs\node.exe C:\Users\melvi\AppData\Roaming\npm\node_modules\yarn\bin\yarn.js install

PATH: 
  C:\Users\melvi\bin;C:\Program Files\Git\mingw64\bin;C:\Program Files\Git\usr\local\bin;C:\Program Files\Git\usr\bin;C:\Program Files\Git\usr\bin;C:\Program Files\Git\mingw64\bin;C:\Program Files\Git\usr\bin;C:\Users\melvi\bin;C:\WINDOWS\system32;C:\WINDOWS;C:\WINDOWS\System32\Wbem;C:\WINDOWS\System32\WindowsPowerShell\v1.0;C:\Program Files\Git\cmd;C:\Program Files\nodejs;C:\Program Files (x86)\Windows Kits\8.1\Windows Performance Toolkit;C:\Program Files\MongoDB\Server\3.4\bin;C:\Program Files\dotnet;C:\Program Files\Microsoft SQL Server\130\Tools\Binn;C:\Users\melvi\AppData\Local\Microsoft\WindowsApps;C:\Program Files\Heroku\bin;C:\Users\melvi\AppData\Roaming\npm;C:\Program Files\Git\usr\bin\vendor_perl;C:\Program Files\Git\usr\bin\core_perl

Yarn version: 
  1.1.0

Node version: 
  7.10.0

Platform: 
  win32 x64

npm manifest: 
  {
    "name": "griarte-fashion",
    "version": "1.0.0",
    "description": "",
    "main": "server.js",
    "scripts": {
      "test": "echo \"Error: no test specified\" && exit 1",
      "start": "node server.js"
    },
    "repository": {
      "type": "git",
      "url": "git+https://github.com/kurtgee6/griarte-fashion.git"
    },
    "author": "",
    "license": "ISC",
    "bugs": {
      "url": "https://github.com/kurtgee6/griarte-fashion/issues"
    },
    "homepage": "https://github.com/kurtgee6/griarte-fashion#readme",
    "dependencies": {
      "axios": "^0.16.2",
      "bcrypt-nodejs": "0.0.3",
      "body-parser": "^1.18.2",
      "dotenv": "^4.0.0",
      "express": "^4.16.2",
      "express-handlebars": "^3.0.0",
      "express-session": "^1.15.6",
      "mysql": "^2.15.0",
      "mysql2": "^1.4.2",
      "passport": "^0.4.0",
      "passport-local": "^1.0.0",
      "sequelize": "^4.15.0",
      "stripe": "^5.1.1",
    }
  }

yarn manifest: 
  No manifest

Lockfile: 
  No lockfile

Trace: 
  SyntaxError: C:\griarte-fashion\package.json: Unexpected token } in JSON at position 882
      at JSON.parse (<anonymous>)
      at C:\Users\melvi\AppData\Roaming\npm\node_modules\yarn\lib\cli.js:764:59
      at Generator.next (<anonymous>)
      at step (C:\Users\melvi\AppData\Roaming\npm\node_modules\yarn\lib\cli.js:92:30)
      at C:\Users\melvi\AppData\Roaming\npm\node_modules\yarn\lib\cli.js:103:13
